<?xml version="1.0" encoding="UTF-8"?>
<testng-results skipped="0" failed="0" ignored="0" total="6" passed="6">
  <reporter-output>
  </reporter-output>
  <suite name="Surefire suite" duration-ms="6297" started-at="2020-03-24T08:39:36Z" finished-at="2020-03-24T08:39:43Z">
    <groups>
    </groups>
    <test name="Surefire test" duration-ms="6297" started-at="2020-03-24T08:39:36Z" finished-at="2020-03-24T08:39:43Z">
      <class name="com.profile.controller.ProfileControllerTest">
        <test-method status="PASS" signature="testDeleteFavourite() throws java.lang.Exception" name="testDeleteFavourite" duration-ms="4471" started-at="2020-03-24T08:39:37Z" finished-at="2020-03-24T08:39:42Z">
          <reporter-output>
          </reporter-output>
        </test-method> <!-- testDeleteFavourite -->
        <test-method status="PASS" signature="testGetById() throws java.lang.Exception" name="testGetById" duration-ms="4935" started-at="2020-03-24T08:39:37Z" finished-at="2020-03-24T08:39:42Z">
          <reporter-output>
          </reporter-output>
        </test-method> <!-- testGetById -->
        <test-method status="PASS" signature="testDeleteAllFavourite() throws java.lang.Exception" name="testDeleteAllFavourite" duration-ms="5050" started-at="2020-03-24T08:39:37Z" finished-at="2020-03-24T08:39:42Z">
          <reporter-output>
          </reporter-output>
        </test-method> <!-- testDeleteAllFavourite -->
        <test-method status="PASS" signature="testUpdateFavourite() throws java.lang.Exception" name="testUpdateFavourite" duration-ms="4776" started-at="2020-03-24T08:39:37Z" finished-at="2020-03-24T08:39:42Z">
          <reporter-output>
          </reporter-output>
        </test-method> <!-- testUpdateFavourite -->
        <test-method status="PASS" signature="testCreateFavourite() throws java.lang.Exception" name="testCreateFavourite" duration-ms="5173" started-at="2020-03-24T08:39:37Z" finished-at="2020-03-24T08:39:43Z">
          <reporter-output>
          </reporter-output>
        </test-method> <!-- testCreateFavourite -->
        <test-method status="PASS" signature="testGetAll() throws java.lang.Exception" name="testGetAll" duration-ms="5270" started-at="2020-03-24T08:39:37Z" finished-at="2020-03-24T08:39:43Z">
          <reporter-output>
          </reporter-output>
        </test-method> <!-- testGetAll -->
      </class> <!-- com.profile.controller.ProfileControllerTest -->
    </test> <!-- Surefire test -->
  </suite> <!-- Surefire suite -->
</testng-results>
