<?xml version="1.0" encoding="UTF-8"?>
<testng-results skipped="0" failed="0" ignored="0" total="6" passed="6">
  <reporter-output>
  </reporter-output>
  <suite name="Surefire suite" duration-ms="6417" started-at="2020-03-24T08:38:41Z" finished-at="2020-03-24T08:38:47Z">
    <groups>
    </groups>
    <test name="Surefire test" duration-ms="6417" started-at="2020-03-24T08:38:41Z" finished-at="2020-03-24T08:38:47Z">
      <class name="com.favourite.controller.FavouriteControllerTest">
        <test-method status="PASS" signature="testDeleteFavourite() throws java.lang.Exception" name="testDeleteFavourite" duration-ms="4549" started-at="2020-03-24T08:38:42Z" finished-at="2020-03-24T08:38:46Z">
          <reporter-output>
          </reporter-output>
        </test-method> <!-- testDeleteFavourite -->
        <test-method status="PASS" signature="testUpdateFavourite() throws java.lang.Exception" name="testUpdateFavourite" duration-ms="4901" started-at="2020-03-24T08:38:42Z" finished-at="2020-03-24T08:38:47Z">
          <reporter-output>
          </reporter-output>
        </test-method> <!-- testUpdateFavourite -->
        <test-method status="PASS" signature="testGetById() throws java.lang.Exception" name="testGetById" duration-ms="5056" started-at="2020-03-24T08:38:42Z" finished-at="2020-03-24T08:38:47Z">
          <reporter-output>
          </reporter-output>
        </test-method> <!-- testGetById -->
        <test-method status="PASS" signature="testCreateFavourite() throws java.lang.Exception" name="testCreateFavourite" duration-ms="5269" started-at="2020-03-24T08:38:42Z" finished-at="2020-03-24T08:38:47Z">
          <reporter-output>
          </reporter-output>
        </test-method> <!-- testCreateFavourite -->
        <test-method status="PASS" signature="testGetAll() throws java.lang.Exception" name="testGetAll" duration-ms="5371" started-at="2020-03-24T08:38:42Z" finished-at="2020-03-24T08:38:47Z">
          <reporter-output>
          </reporter-output>
        </test-method> <!-- testGetAll -->
        <test-method status="PASS" signature="testDeleteAllFavourite() throws java.lang.Exception" name="testDeleteAllFavourite" duration-ms="5147" started-at="2020-03-24T08:38:42Z" finished-at="2020-03-24T08:38:47Z">
          <reporter-output>
          </reporter-output>
        </test-method> <!-- testDeleteAllFavourite -->
      </class> <!-- com.favourite.controller.FavouriteControllerTest -->
    </test> <!-- Surefire test -->
  </suite> <!-- Surefire suite -->
</testng-results>
