<?xml version="1.0" encoding="UTF-8"?>
<!-- Generated by org.testng.reporters.JUnitXMLReporter -->
<testsuite hostname="Pushkars-MacBook-Air.local" ignored="0" name="Surefire test" tests="6" failures="0" timestamp="18 Mar 2020 17:21:42 GMT" time="7.607" errors="0">
  <testcase name="testDeleteFavourite on testDeleteFavourite(com.profile.controller.ProfileControllerTest)" time="5.213" classname="com.profile.controller.ProfileControllerTest"/>
  <testcase name="testUpdateFavourite on testUpdateFavourite(com.profile.controller.ProfileControllerTest)" time="5.729" classname="com.profile.controller.ProfileControllerTest"/>
  <testcase name="testGetById on testGetById(com.profile.controller.ProfileControllerTest)" time="5.882" classname="com.profile.controller.ProfileControllerTest"/>
  <testcase name="testDeleteAllFavourite on testDeleteAllFavourite(com.profile.controller.ProfileControllerTest)" time="6.016" classname="com.profile.controller.ProfileControllerTest"/>
  <testcase name="testCreateFavourite on testCreateFavourite(com.profile.controller.ProfileControllerTest)" time="6.178" classname="com.profile.controller.ProfileControllerTest"/>
  <testcase name="testGetAll on testGetAll(com.profile.controller.ProfileControllerTest)" time="6.321" classname="com.profile.controller.ProfileControllerTest"/>
</testsuite> <!-- Surefire test -->
