<?xml version="1.0" encoding="UTF-8"?>
<!-- Generated by org.testng.reporters.JUnitXMLReporter -->
<testsuite hostname="Pushkars-MacBook-Air.local" ignored="0" name="Surefire test" tests="6" failures="0" timestamp="24 Mar 2020 08:39:43 GMT" time="6.297" errors="0">
  <testcase name="testDeleteFavourite on testDeleteFavourite(com.profile.controller.ProfileControllerTest)" time="4.471" classname="com.profile.controller.ProfileControllerTest"/>
  <testcase name="testUpdateFavourite on testUpdateFavourite(com.profile.controller.ProfileControllerTest)" time="4.776" classname="com.profile.controller.ProfileControllerTest"/>
  <testcase name="testGetById on testGetById(com.profile.controller.ProfileControllerTest)" time="4.935" classname="com.profile.controller.ProfileControllerTest"/>
  <testcase name="testDeleteAllFavourite on testDeleteAllFavourite(com.profile.controller.ProfileControllerTest)" time="5.05" classname="com.profile.controller.ProfileControllerTest"/>
  <testcase name="testCreateFavourite on testCreateFavourite(com.profile.controller.ProfileControllerTest)" time="5.173" classname="com.profile.controller.ProfileControllerTest"/>
  <testcase name="testGetAll on testGetAll(com.profile.controller.ProfileControllerTest)" time="5.27" classname="com.profile.controller.ProfileControllerTest"/>
</testsuite> <!-- Surefire test -->
