<?xml version="1.0" encoding="UTF-8"?>
<!-- Generated by org.testng.reporters.JUnitXMLReporter -->
<testsuite hostname="Pushkars-MacBook-Air.local" ignored="0" name="Surefire test" tests="6" failures="0" timestamp="24 Mar 2020 08:38:47 GMT" time="6.417" errors="0">
  <testcase name="testDeleteFavourite on testDeleteFavourite(com.favourite.controller.FavouriteControllerTest)" time="4.549" classname="com.favourite.controller.FavouriteControllerTest"/>
  <testcase name="testUpdateFavourite on testUpdateFavourite(com.favourite.controller.FavouriteControllerTest)" time="4.901" classname="com.favourite.controller.FavouriteControllerTest"/>
  <testcase name="testGetById on testGetById(com.favourite.controller.FavouriteControllerTest)" time="5.056" classname="com.favourite.controller.FavouriteControllerTest"/>
  <testcase name="testDeleteAllFavourite on testDeleteAllFavourite(com.favourite.controller.FavouriteControllerTest)" time="5.147" classname="com.favourite.controller.FavouriteControllerTest"/>
  <testcase name="testCreateFavourite on testCreateFavourite(com.favourite.controller.FavouriteControllerTest)" time="5.269" classname="com.favourite.controller.FavouriteControllerTest"/>
  <testcase name="testGetAll on testGetAll(com.favourite.controller.FavouriteControllerTest)" time="5.371" classname="com.favourite.controller.FavouriteControllerTest"/>
</testsuite> <!-- Surefire test -->
