<?xml version="1.0" encoding="UTF-8"?>
<!-- Generated by org.testng.reporters.JUnitXMLReporter -->
<testsuite hostname="Pushkars-MacBook-Air.local" ignored="0" name="Surefire test" tests="6" failures="0" timestamp="25 Mar 2020 05:55:53 GMT" time="7.076" errors="0">
  <testcase name="testDeleteFavourite on testDeleteFavourite(com.comment.controller.CommentControllerTest)" time="4.505" classname="com.comment.controller.CommentControllerTest"/>
  <testcase name="testUpdateFavourite on testUpdateFavourite(com.comment.controller.CommentControllerTest)" time="5.115" classname="com.comment.controller.CommentControllerTest"/>
  <testcase name="testGetById on testGetById(com.comment.controller.CommentControllerTest)" time="5.284" classname="com.comment.controller.CommentControllerTest"/>
  <testcase name="testDeleteAllFavourite on testDeleteAllFavourite(com.comment.controller.CommentControllerTest)" time="5.394" classname="com.comment.controller.CommentControllerTest"/>
  <testcase name="testCreateFavourite on testCreateFavourite(com.comment.controller.CommentControllerTest)" time="5.502" classname="com.comment.controller.CommentControllerTest"/>
  <testcase name="testGetAll on testGetAll(com.comment.controller.CommentControllerTest)" time="5.637" classname="com.comment.controller.CommentControllerTest"/>
</testsuite> <!-- Surefire test -->
